2023-06-10 12:32:56,998 Start Data Clean
2023-06-10 12:43:28,132 Clean Bathroom failed to pass f Banos to int
2023-06-10 12:43:34,120 Clean Bathroom failed to pass f Banos to int
2023-06-10 12:43:35,313 Clean Bathroom failed to pass f Banos to int
2023-06-10 12:44:18,105 Clean Bathroom failed to pass d Banos to int
2023-06-10 12:44:37,922 Clean Bathroom failed to pass d Banos to int
2023-06-10 12:48:19,168 Start Data Clean
2023-06-10 12:57:29,019 Start Data Clean
2023-06-10 14:08:39,192 Start Data Clean
2023-06-10 14:22:18,228 Clean Area failed to obtain number and pass it to in in string: 16 Mts
2023-06-10 14:22:33,397 Clean Area failed to obtain number and pass it to in in string: U$S 159.000
2023-06-10 14:25:39,043 Clean Area failed to obtain number and pass it to in in string: U$S 159.000
2023-06-10 14:27:05,113 Clean Area failed to obtain number and pass it to in in string: U$S 159.000
2023-06-10 14:28:51,307 Clean Area failed to obtain number and pass it to in in string: U$S 159.000
2023-06-10 14:43:59,209 Clean Bathroom failed to obtain number and pass it to in in string: Más de 3 baños
2023-06-10 16:05:43,580 Start Data Clean
2023-06-10 16:24:34,254 Clean Area failed to obtain number and pass it to in in string: nan
2023-06-10 16:24:34,263 Clean Area failed to obtain number and pass it to in in string: nan
2023-06-10 16:24:34,263 Clean Area failed to obtain number and pass it to in in string: nan
2023-06-10 16:24:34,263 Clean Area failed to obtain number and pass it to in in string: nan
2023-06-10 16:24:34,264 Clean Area failed to obtain number and pass it to in in string: nan
2023-06-10 16:24:41,066 Clean Area failed to obtain number and pass it to in in string: 58.0
2023-06-10 16:24:41,067 Clean Area failed to obtain number and pass it to in in string: 70.0
2023-06-10 16:24:41,067 Clean Area failed to obtain number and pass it to in in string: 80.0
2023-06-10 16:24:41,067 Clean Area failed to obtain number and pass it to in in string: 54.0
2023-06-10 16:24:41,067 Clean Area failed to obtain number and pass it to in in string: 315.0
2023-06-10 16:24:41,068 Clean Area failed to obtain number and pass it to in in string: 45.0
2023-06-10 16:24:41,068 Clean Area failed to obtain number and pass it to in in string: 500.0
2023-06-10 16:24:41,069 Clean Area failed to obtain number and pass it to in in string: 25.0
2023-06-10 16:24:41,069 Clean Area failed to obtain number and pass it to in in string: 166.0
2023-06-10 16:24:41,070 Clean Area failed to obtain number and pass it to in in string: 69.0
2023-06-10 16:24:41,071 Clean Area failed to obtain number and pass it to in in string: 189.0
2023-06-10 16:24:41,071 Clean Area failed to obtain number and pass it to in in string: 460.0
2023-06-10 16:24:41,071 Clean Area failed to obtain number and pass it to in in string: 360.0
2023-06-10 16:24:41,071 Clean Area failed to obtain number and pass it to in in string: 284.0
2023-06-10 16:24:41,071 Clean Area failed to obtain number and pass it to in in string: 70.0
2023-06-10 16:24:41,071 Clean Area failed to obtain number and pass it to in in string: 130.0
2023-06-10 16:24:41,072 Clean Area failed to obtain number and pass it to in in string: 184.0
2023-06-10 16:24:41,072 Clean Area failed to obtain number and pass it to in in string: 500.0
2023-06-10 16:24:41,072 Clean Area failed to obtain number and pass it to in in string: 196.0
2023-06-10 16:24:41,072 Clean Area failed to obtain number and pass it to in in string: 47.0
2023-06-10 16:24:41,072 Clean Area failed to obtain number and pass it to in in string: 63.0
2023-06-10 16:24:41,072 Clean Area failed to obtain number and pass it to in in string: 61.0
2023-06-10 16:24:41,072 Clean Area failed to obtain number and pass it to in in string: 60.0
2023-06-10 16:24:41,072 Clean Area failed to obtain number and pass it to in in string: 251.0
2023-06-10 16:24:41,072 Clean Area failed to obtain number and pass it to in in string: 326.0
2023-06-10 16:24:41,072 Clean Area failed to obtain number and pass it to in in string: 500.0
2023-06-10 16:24:41,072 Clean Area failed to obtain number and pass it to in in string: 265.0
2023-06-10 16:24:41,072 Clean Area failed to obtain number and pass it to in in string: 500.0
2023-06-10 16:24:41,072 Clean Area failed to obtain number and pass it to in in string: 500.0
2023-06-10 16:24:41,072 Clean Area failed to obtain number and pass it to in in string: 500.0
2023-06-10 16:24:41,073 Clean Area failed to obtain number and pass it to in in string: 25.0
2023-06-10 16:24:41,073 Clean Area failed to obtain number and pass it to in in string: 111.0
2023-06-10 16:24:41,073 Clean Area failed to obtain number and pass it to in in string: 100.0
2023-06-10 16:24:41,073 Clean Area failed to obtain number and pass it to in in string: 200.0
2023-06-10 16:24:41,073 Clean Area failed to obtain number and pass it to in in string: 500.0
2023-06-10 16:24:41,073 Clean Area failed to obtain number and pass it to in in string: 435.0
2023-06-10 16:24:41,073 Clean Area failed to obtain number and pass it to in in string: 90.0
2023-06-10 16:24:41,073 Clean Area failed to obtain number and pass it to in in string: 435.0
2023-06-10 16:24:41,073 Clean Area failed to obtain number and pass it to in in string: 500.0
2023-06-10 16:24:41,073 Clean Area failed to obtain number and pass it to in in string: 25.0
2023-06-10 16:24:41,073 Clean Area failed to obtain number and pass it to in in string: 66.0
2023-06-10 16:24:41,073 Clean Area failed to obtain number and pass it to in in string: 334.0
2023-06-10 16:24:41,073 Clean Area failed to obtain number and pass it to in in string: 420.0
2023-06-10 16:24:41,073 Clean Area failed to obtain number and pass it to in in string: 445.0
2023-06-10 16:24:41,073 Clean Area failed to obtain number and pass it to in in string: 91.0
2023-06-10 16:24:41,073 Clean Area failed to obtain number and pass it to in in string: 72.0
2023-06-10 16:24:41,074 Clean Area failed to obtain number and pass it to in in string: 330.0
2023-06-10 16:24:41,074 Clean Area failed to obtain number and pass it to in in string: 440.0
2023-06-10 16:24:41,075 Clean Area failed to obtain number and pass it to in in string: 500.0
2023-06-10 16:24:41,075 Clean Area failed to obtain number and pass it to in in string: 70.0
2023-06-10 16:24:41,075 Clean Area failed to obtain number and pass it to in in string: 500.0
2023-06-10 16:24:41,075 Clean Area failed to obtain number and pass it to in in string: 38.0
2023-06-10 16:24:41,075 Clean Area failed to obtain number and pass it to in in string: 469.0
2023-06-10 16:24:41,075 Clean Area failed to obtain number and pass it to in in string: 220.0
2023-06-10 16:24:41,075 Clean Area failed to obtain number and pass it to in in string: 500.0
2023-06-10 16:24:41,075 Clean Area failed to obtain number and pass it to in in string: 500.0
2023-06-10 16:24:41,075 Clean Area failed to obtain number and pass it to in in string: 25.0
2023-06-10 16:24:41,075 Clean Area failed to obtain number and pass it to in in string: 400.0
2023-06-10 16:24:41,075 Clean Area failed to obtain number and pass it to in in string: 100.0
2023-06-10 16:24:41,075 Clean Area failed to obtain number and pass it to in in string: 56.0
2023-06-10 16:24:41,075 Clean Area failed to obtain number and pass it to in in string: 500.0
2023-06-10 16:24:41,075 Clean Area failed to obtain number and pass it to in in string: 500.0
2023-06-10 16:24:41,075 Clean Area failed to obtain number and pass it to in in string: 113.0
2023-06-10 16:24:41,075 Clean Area failed to obtain number and pass it to in in string: 500.0
2023-06-10 16:24:41,075 Clean Area failed to obtain number and pass it to in in string: 33.0
2023-06-10 16:24:41,075 Clean Area failed to obtain number and pass it to in in string: 200.0
2023-06-10 16:24:41,075 Clean Area failed to obtain number and pass it to in in string: 110.0
2023-06-10 16:24:41,075 Clean Area failed to obtain number and pass it to in in string: 100.0
2023-06-10 16:24:41,075 Clean Area failed to obtain number and pass it to in in string: 160.0
2023-06-10 16:24:41,075 Clean Area failed to obtain number and pass it to in in string: 44.0
2023-06-10 16:24:41,075 Clean Area failed to obtain number and pass it to in in string: 75.0
2023-06-10 16:24:41,075 Clean Area failed to obtain number and pass it to in in string: 70.0
2023-06-10 16:24:41,076 Clean Area failed to obtain number and pass it to in in string: 98.0
2023-06-10 16:24:41,076 Clean Area failed to obtain number and pass it to in in string: 160.0
2023-06-10 16:24:41,076 Clean Area failed to obtain number and pass it to in in string: 60.0
2023-06-10 16:24:41,076 Clean Area failed to obtain number and pass it to in in string: 68.0
2023-06-10 16:24:41,076 Clean Area failed to obtain number and pass it to in in string: 52.0
2023-06-10 16:24:41,076 Clean Area failed to obtain number and pass it to in in string: 25.0
2023-06-10 16:24:41,076 Clean Area failed to obtain number and pass it to in in string: 40.0
2023-06-10 16:24:41,077 Clean Area failed to obtain number and pass it to in in string: 275.0
2023-06-10 16:24:41,077 Clean Area failed to obtain number and pass it to in in string: 60.0
2023-06-10 16:24:41,077 Clean Area failed to obtain number and pass it to in in string: 57.0
2023-06-10 16:24:41,077 Clean Area failed to obtain number and pass it to in in string: 170.0
2023-06-10 16:24:41,077 Clean Area failed to obtain number and pass it to in in string: 30.0
2023-06-10 16:24:41,077 Clean Area failed to obtain number and pass it to in in string: 50.0
2023-06-10 16:24:41,077 Clean Area failed to obtain number and pass it to in in string: 58.0
2023-06-10 16:24:41,077 Clean Area failed to obtain number and pass it to in in string: 72.0
2023-06-10 16:24:41,077 Clean Area failed to obtain number and pass it to in in string: 63.0
2023-06-10 16:24:41,077 Clean Area failed to obtain number and pass it to in in string: 25.0
2023-06-10 16:24:41,077 Clean Area failed to obtain number and pass it to in in string: 45.0
2023-06-10 16:24:41,077 Clean Area failed to obtain number and pass it to in in string: 47.0
2023-06-10 16:24:41,078 Clean Area failed to obtain number and pass it to in in string: 78.0
2023-06-10 16:24:41,078 Clean Area failed to obtain number and pass it to in in string: 68.0
2023-06-10 16:24:41,078 Clean Area failed to obtain number and pass it to in in string: 32.0
2023-06-10 16:24:41,078 Clean Area failed to obtain number and pass it to in in string: 46.0
2023-06-10 16:24:41,078 Clean Area failed to obtain number and pass it to in in string: 38.0
2023-06-10 16:24:41,078 Clean Area failed to obtain number and pass it to in in string: 150.0
2023-06-10 16:24:41,078 Clean Area failed to obtain number and pass it to in in string: 36.0
2023-06-10 16:24:41,078 Clean Area failed to obtain number and pass it to in in string: 41.0
2023-06-10 16:24:41,078 Clean Area failed to obtain number and pass it to in in string: 245.0
2023-06-10 16:24:41,078 Clean Area failed to obtain number and pass it to in in string: 40.0
2023-06-10 16:24:41,078 Clean Area failed to obtain number and pass it to in in string: 356.0
2023-06-10 16:24:41,078 Clean Area failed to obtain number and pass it to in in string: 108.0
2023-06-10 16:24:41,078 Clean Area failed to obtain number and pass it to in in string: 145.0
2023-06-10 16:24:41,079 Clean Area failed to obtain number and pass it to in in string: 500.0
2023-06-10 16:24:41,079 Clean Area failed to obtain number and pass it to in in string: 230.0
2023-06-10 16:24:41,079 Clean Area failed to obtain number and pass it to in in string: 300.0
2023-06-10 16:24:41,079 Clean Area failed to obtain number and pass it to in in string: 300.0
2023-06-10 16:24:41,079 Clean Area failed to obtain number and pass it to in in string: 280.0
2023-06-10 16:24:41,079 Clean Area failed to obtain number and pass it to in in string: 477.0
2023-06-10 16:24:41,079 Clean Area failed to obtain number and pass it to in in string: 500.0
2023-06-10 16:24:41,079 Clean Area failed to obtain number and pass it to in in string: 500.0
2023-06-10 16:24:41,079 Clean Area failed to obtain number and pass it to in in string: 93.0
2023-06-10 16:24:41,079 Clean Area failed to obtain number and pass it to in in string: 295.0
2023-06-10 16:24:41,079 Clean Area failed to obtain number and pass it to in in string: 500.0
2023-06-10 16:24:41,079 Clean Area failed to obtain number and pass it to in in string: 234.0
2023-06-10 16:24:41,079 Clean Area failed to obtain number and pass it to in in string: 127.0
2023-06-10 16:24:41,079 Clean Area failed to obtain number and pass it to in in string: 150.0
2023-06-10 16:24:41,079 Clean Area failed to obtain number and pass it to in in string: 122.0
2023-06-10 16:24:41,079 Clean Area failed to obtain number and pass it to in in string: 500.0
2023-06-10 16:24:41,079 Clean Area failed to obtain number and pass it to in in string: 150.0
2023-06-10 16:24:41,079 Clean Area failed to obtain number and pass it to in in string: 235.0
2023-06-10 16:24:41,080 Clean Area failed to obtain number and pass it to in in string: 250.0
2023-06-10 16:24:41,080 Clean Area failed to obtain number and pass it to in in string: 25.0
2023-06-10 16:24:41,080 Clean Area failed to obtain number and pass it to in in string: 125.0
2023-06-10 16:24:41,080 Clean Area failed to obtain number and pass it to in in string: 500.0
2023-06-10 16:24:41,080 Clean Area failed to obtain number and pass it to in in string: 110.0
2023-06-10 16:24:41,080 Clean Area failed to obtain number and pass it to in in string: 500.0
2023-06-10 16:24:41,080 Clean Area failed to obtain number and pass it to in in string: 155.0
2023-06-10 16:24:41,080 Clean Area failed to obtain number and pass it to in in string: 375.0
2023-06-10 16:24:41,080 Clean Area failed to obtain number and pass it to in in string: 80.0
2023-06-10 16:24:41,080 Clean Area failed to obtain number and pass it to in in string: 200.0
2023-06-10 16:24:41,080 Clean Area failed to obtain number and pass it to in in string: 500.0
2023-06-10 16:24:41,080 Clean Area failed to obtain number and pass it to in in string: 180.0
2023-06-10 16:24:41,080 Clean Area failed to obtain number and pass it to in in string: 500.0
2023-06-10 16:24:41,080 Clean Area failed to obtain number and pass it to in in string: 141.0
2023-06-10 16:24:41,080 Clean Area failed to obtain number and pass it to in in string: 120.0
2023-06-10 16:24:41,080 Clean Area failed to obtain number and pass it to in in string: 486.0
2023-06-10 16:24:41,080 Clean Area failed to obtain number and pass it to in in string: 75.0
2023-06-10 16:24:41,080 Clean Area failed to obtain number and pass it to in in string: 80.0
2023-06-10 16:24:41,080 Clean Area failed to obtain number and pass it to in in string: 65.0
2023-06-10 16:24:41,080 Clean Area failed to obtain number and pass it to in in string: 80.0
2023-06-10 16:24:41,081 Clean Area failed to obtain number and pass it to in in string: 500.0
2023-06-10 16:24:41,081 Clean Area failed to obtain number and pass it to in in string: 500.0
2023-06-10 16:24:41,081 Clean Area failed to obtain number and pass it to in in string: 72.0
2023-06-10 16:24:41,081 Clean Area failed to obtain number and pass it to in in string: 45.0
2023-06-10 16:24:41,081 Clean Area failed to obtain number and pass it to in in string: 500.0
2023-06-10 16:24:41,081 Clean Area failed to obtain number and pass it to in in string: 55.0
2023-06-10 16:24:41,081 Clean Area failed to obtain number and pass it to in in string: 500.0
2023-06-10 16:24:41,081 Clean Area failed to obtain number and pass it to in in string: 54.0
2023-06-10 16:24:41,081 Clean Area failed to obtain number and pass it to in in string: 45.0
2023-06-10 16:24:41,081 Clean Area failed to obtain number and pass it to in in string: 158.0
2023-06-10 16:24:41,081 Clean Area failed to obtain number and pass it to in in string: 25.0
2023-06-10 16:24:41,081 Clean Area failed to obtain number and pass it to in in string: 25.0
2023-06-10 16:24:41,081 Clean Area failed to obtain number and pass it to in in string: 156.0
2023-06-10 16:24:41,081 Clean Area failed to obtain number and pass it to in in string: 75.0
2023-06-10 16:24:41,081 Clean Area failed to obtain number and pass it to in in string: 58.0
2023-06-10 16:24:41,081 Clean Area failed to obtain number and pass it to in in string: 79.0
2023-06-10 16:24:41,081 Clean Area failed to obtain number and pass it to in in string: 57.0
2023-06-10 16:24:41,081 Clean Area failed to obtain number and pass it to in in string: 74.0
2023-06-10 16:24:41,081 Clean Area failed to obtain number and pass it to in in string: 43.0
2023-06-10 16:24:41,082 Clean Area failed to obtain number and pass it to in in string: 100.0
2023-06-10 16:24:41,082 Clean Area failed to obtain number and pass it to in in string: 70.0
2023-06-10 16:24:41,082 Clean Area failed to obtain number and pass it to in in string: 92.0
2023-06-10 16:24:41,082 Clean Area failed to obtain number and pass it to in in string: 320.0
2023-06-10 16:24:41,082 Clean Area failed to obtain number and pass it to in in string: 25.0
2023-06-10 16:24:41,082 Clean Area failed to obtain number and pass it to in in string: 61.0
2023-06-10 16:24:41,082 Clean Area failed to obtain number and pass it to in in string: 99.0
2023-06-10 16:24:41,082 Clean Area failed to obtain number and pass it to in in string: 32.0
2023-06-10 16:24:41,082 Clean Area failed to obtain number and pass it to in in string: 59.0
2023-06-10 16:24:41,082 Clean Area failed to obtain number and pass it to in in string: 30.0
2023-06-10 16:24:41,082 Clean Area failed to obtain number and pass it to in in string: 45.0
2023-06-10 16:24:41,082 Clean Area failed to obtain number and pass it to in in string: 61.0
2023-06-10 16:24:41,082 Clean Area failed to obtain number and pass it to in in string: 38.0
2023-06-10 16:24:41,082 Clean Area failed to obtain number and pass it to in in string: 62.0
2023-06-10 16:24:41,082 Clean Area failed to obtain number and pass it to in in string: 118.0
2023-06-10 16:24:41,082 Clean Area failed to obtain number and pass it to in in string: 68.0
2023-06-10 16:24:41,082 Clean Area failed to obtain number and pass it to in in string: 160.0
2023-06-10 16:24:41,082 Clean Area failed to obtain number and pass it to in in string: 267.0
2023-06-10 16:24:41,082 Clean Area failed to obtain number and pass it to in in string: 112.0
2023-06-10 16:24:41,083 Clean Area failed to obtain number and pass it to in in string: 118.0
2023-06-10 16:24:41,083 Clean Area failed to obtain number and pass it to in in string: 179.0
2023-06-10 16:24:41,083 Clean Area failed to obtain number and pass it to in in string: 99.0
2023-06-10 16:24:41,083 Clean Area failed to obtain number and pass it to in in string: 350.0
2023-06-10 16:24:41,083 Clean Area failed to obtain number and pass it to in in string: 300.0
2023-06-10 16:24:41,083 Clean Area failed to obtain number and pass it to in in string: 252.0
2023-06-10 16:24:41,083 Clean Area failed to obtain number and pass it to in in string: 500.0
2023-06-10 16:24:41,083 Clean Area failed to obtain number and pass it to in in string: 230.0
2023-06-10 16:24:41,083 Clean Area failed to obtain number and pass it to in in string: 500.0
2023-06-10 16:24:41,083 Clean Area failed to obtain number and pass it to in in string: 438.0
2023-06-10 16:24:41,083 Clean Area failed to obtain number and pass it to in in string: 40.0
2023-06-10 16:24:41,083 Clean Area failed to obtain number and pass it to in in string: 120.0
2023-06-10 16:24:41,083 Clean Area failed to obtain number and pass it to in in string: 500.0
2023-06-10 16:24:41,083 Clean Area failed to obtain number and pass it to in in string: 500.0
2023-06-10 16:24:41,083 Clean Area failed to obtain number and pass it to in in string: 165.0
2023-06-10 16:24:41,083 Clean Area failed to obtain number and pass it to in in string: 75.0
2023-06-10 16:24:41,083 Clean Area failed to obtain number and pass it to in in string: 500.0
2023-06-10 16:24:41,083 Clean Area failed to obtain number and pass it to in in string: 76.0
2023-06-10 16:24:41,083 Clean Area failed to obtain number and pass it to in in string: 180.0
2023-06-10 16:24:41,083 Clean Area failed to obtain number and pass it to in in string: 258.0
2023-06-10 16:24:41,083 Clean Area failed to obtain number and pass it to in in string: 304.0
2023-06-10 16:24:41,084 Clean Area failed to obtain number and pass it to in in string: 310.0
2023-06-10 16:24:41,084 Clean Area failed to obtain number and pass it to in in string: 460.0
2023-06-10 16:24:41,084 Clean Area failed to obtain number and pass it to in in string: 99.0
2023-06-10 16:24:41,084 Clean Area failed to obtain number and pass it to in in string: 200.0
2023-06-10 16:24:41,084 Clean Area failed to obtain number and pass it to in in string: 426.0
2023-06-10 16:24:41,084 Clean Area failed to obtain number and pass it to in in string: 500.0
2023-06-10 16:24:41,084 Clean Area failed to obtain number and pass it to in in string: 163.0
2023-06-10 16:24:41,084 Clean Area failed to obtain number and pass it to in in string: 90.0
2023-06-10 16:24:41,084 Clean Area failed to obtain number and pass it to in in string: 500.0
2023-06-10 16:24:41,084 Clean Area failed to obtain number and pass it to in in string: 200.0
2023-06-10 16:24:41,084 Clean Area failed to obtain number and pass it to in in string: 185.0
2023-06-10 16:24:41,084 Clean Area failed to obtain number and pass it to in in string: 150.0
2023-06-10 16:24:41,084 Clean Area failed to obtain number and pass it to in in string: 500.0
2023-06-10 16:24:41,084 Clean Area failed to obtain number and pass it to in in string: 328.0
2023-06-10 16:24:41,084 Clean Area failed to obtain number and pass it to in in string: 241.0
2023-06-10 16:24:41,084 Clean Area failed to obtain number and pass it to in in string: 500.0
2023-06-10 16:24:41,084 Clean Area failed to obtain number and pass it to in in string: 151.0
2023-06-10 16:24:41,084 Clean Area failed to obtain number and pass it to in in string: 120.0
2023-06-10 16:24:41,084 Clean Area failed to obtain number and pass it to in in string: 100.0
2023-06-10 16:24:41,084 Clean Area failed to obtain number and pass it to in in string: 85.0
2023-06-10 16:24:41,085 Clean Area failed to obtain number and pass it to in in string: 209.0
2023-06-10 16:24:41,085 Clean Area failed to obtain number and pass it to in in string: 330.0
2023-06-10 16:24:41,085 Clean Area failed to obtain number and pass it to in in string: 25.0
2023-06-10 16:24:41,085 Clean Area failed to obtain number and pass it to in in string: 160.0
2023-06-10 16:24:41,085 Clean Area failed to obtain number and pass it to in in string: 500.0
2023-06-10 16:24:41,085 Clean Area failed to obtain number and pass it to in in string: 340.0
2023-06-10 16:24:41,085 Clean Area failed to obtain number and pass it to in in string: 500.0
2023-06-10 16:24:41,085 Clean Area failed to obtain number and pass it to in in string: 400.0
2023-06-10 16:24:41,085 Clean Area failed to obtain number and pass it to in in string: 500.0
2023-06-10 16:24:41,085 Clean Area failed to obtain number and pass it to in in string: 206.0
2023-06-10 16:24:41,085 Clean Area failed to obtain number and pass it to in in string: 100.0
2023-06-10 16:24:41,085 Clean Area failed to obtain number and pass it to in in string: 110.0
2023-06-10 16:24:41,085 Clean Area failed to obtain number and pass it to in in string: 131.0
2023-06-10 16:24:41,085 Clean Area failed to obtain number and pass it to in in string: 500.0
2023-06-10 16:24:41,085 Clean Area failed to obtain number and pass it to in in string: 500.0
2023-06-10 16:24:41,085 Clean Area failed to obtain number and pass it to in in string: 67.0
2023-06-10 16:24:41,085 Clean Area failed to obtain number and pass it to in in string: 264.0
2023-06-10 16:24:41,086 Clean Area failed to obtain number and pass it to in in string: 500.0
2023-06-10 16:24:41,086 Clean Area failed to obtain number and pass it to in in string: 500.0
2023-06-10 16:24:41,086 Clean Area failed to obtain number and pass it to in in string: 82.0
2023-06-10 16:24:41,086 Clean Area failed to obtain number and pass it to in in string: 227.0
2023-06-10 16:24:41,086 Clean Area failed to obtain number and pass it to in in string: 220.0
2023-06-10 16:24:41,086 Clean Area failed to obtain number and pass it to in in string: 90.0
2023-06-10 16:24:41,086 Clean Area failed to obtain number and pass it to in in string: 500.0
2023-06-10 16:24:41,086 Clean Area failed to obtain number and pass it to in in string: 325.0
2023-06-10 16:24:41,086 Clean Area failed to obtain number and pass it to in in string: 500.0
2023-06-10 16:24:41,086 Clean Area failed to obtain number and pass it to in in string: 105.0
2023-06-10 16:24:41,086 Clean Area failed to obtain number and pass it to in in string: 47.0
2023-06-10 16:24:41,086 Clean Area failed to obtain number and pass it to in in string: 500.0
2023-06-10 16:24:41,086 Clean Area failed to obtain number and pass it to in in string: 500.0
2023-06-10 16:24:41,086 Clean Area failed to obtain number and pass it to in in string: 175.0
2023-06-10 16:24:41,086 Clean Area failed to obtain number and pass it to in in string: 132.0
2023-06-10 16:24:41,086 Clean Area failed to obtain number and pass it to in in string: 49.0
2023-06-10 16:24:41,086 Clean Area failed to obtain number and pass it to in in string: 160.0
2023-06-10 16:24:41,086 Clean Area failed to obtain number and pass it to in in string: 55.0
2023-06-10 16:24:41,087 Clean Area failed to obtain number and pass it to in in string: 500.0
2023-06-10 16:24:41,087 Clean Area failed to obtain number and pass it to in in string: 500.0
2023-06-10 16:24:41,087 Clean Area failed to obtain number and pass it to in in string: 116.0
2023-06-10 16:24:41,087 Clean Area failed to obtain number and pass it to in in string: 258.0
2023-06-10 16:24:41,087 Clean Area failed to obtain number and pass it to in in string: 115.0
2023-06-10 16:24:41,087 Clean Area failed to obtain number and pass it to in in string: 500.0
2023-06-10 16:24:41,088 Clean Area failed to obtain number and pass it to in in string: 500.0
2023-06-10 16:24:41,088 Clean Area failed to obtain number and pass it to in in string: 300.0
2023-06-10 16:24:41,088 Clean Area failed to obtain number and pass it to in in string: 500.0
2023-06-10 16:24:41,088 Clean Area failed to obtain number and pass it to in in string: 83.0
2023-06-10 16:24:41,088 Clean Area failed to obtain number and pass it to in in string: 100.0
2023-06-10 16:24:41,088 Clean Area failed to obtain number and pass it to in in string: 341.0
2023-06-10 16:24:41,088 Clean Area failed to obtain number and pass it to in in string: 369.0
2023-06-10 16:24:41,088 Clean Area failed to obtain number and pass it to in in string: 138.0
2023-06-10 16:24:41,088 Clean Area failed to obtain number and pass it to in in string: 85.0
2023-06-10 16:24:41,088 Clean Area failed to obtain number and pass it to in in string: 192.0
2023-06-10 16:24:41,089 Clean Area failed to obtain number and pass it to in in string: 69.0
2023-06-10 16:24:41,089 Clean Area failed to obtain number and pass it to in in string: 500.0
2023-06-10 16:24:41,089 Clean Area failed to obtain number and pass it to in in string: 430.0
2023-06-10 16:24:41,089 Clean Area failed to obtain number and pass it to in in string: 367.0
2023-06-10 16:24:41,089 Clean Area failed to obtain number and pass it to in in string: 500.0
2023-06-10 16:24:41,089 Clean Area failed to obtain number and pass it to in in string: 340.0
2023-06-10 16:24:41,089 Clean Area failed to obtain number and pass it to in in string: 88.0
2023-06-10 16:24:41,089 Clean Area failed to obtain number and pass it to in in string: 500.0
2023-06-10 16:24:41,089 Clean Area failed to obtain number and pass it to in in string: 69.0
2023-06-10 16:24:41,089 Clean Area failed to obtain number and pass it to in in string: 500.0
2023-06-10 16:24:41,089 Clean Area failed to obtain number and pass it to in in string: 305.0
2023-06-10 16:24:41,089 Clean Area failed to obtain number and pass it to in in string: 308.0
2023-06-10 16:24:41,089 Clean Area failed to obtain number and pass it to in in string: 450.0
2023-06-10 16:24:41,089 Clean Area failed to obtain number and pass it to in in string: 130.0
2023-06-10 16:24:41,089 Clean Area failed to obtain number and pass it to in in string: 500.0
2023-06-10 16:24:41,089 Clean Area failed to obtain number and pass it to in in string: 30.0
2023-06-10 16:24:41,089 Clean Area failed to obtain number and pass it to in in string: 500.0
2023-06-10 16:24:41,089 Clean Area failed to obtain number and pass it to in in string: 280.0
2023-06-10 16:24:41,089 Clean Area failed to obtain number and pass it to in in string: 350.0
2023-06-10 16:24:41,089 Clean Area failed to obtain number and pass it to in in string: 300.0
2023-06-10 16:24:41,090 Clean Area failed to obtain number and pass it to in in string: 450.0
2023-06-10 16:24:41,090 Clean Area failed to obtain number and pass it to in in string: 334.0
2023-06-10 16:24:41,090 Clean Area failed to obtain number and pass it to in in string: 500.0
2023-06-10 16:24:41,090 Clean Area failed to obtain number and pass it to in in string: 210.0
2023-06-10 16:24:41,090 Clean Area failed to obtain number and pass it to in in string: 500.0
2023-06-10 16:24:41,090 Clean Area failed to obtain number and pass it to in in string: 130.0
2023-06-10 16:24:41,090 Clean Area failed to obtain number and pass it to in in string: 198.0
2023-06-10 16:24:41,090 Clean Area failed to obtain number and pass it to in in string: 65.0
2023-06-10 16:24:41,090 Clean Area failed to obtain number and pass it to in in string: 362.0
2023-06-10 16:24:41,090 Clean Area failed to obtain number and pass it to in in string: 282.0
2023-06-10 16:24:41,090 Clean Area failed to obtain number and pass it to in in string: 231.0
2023-06-10 16:24:41,090 Clean Area failed to obtain number and pass it to in in string: 177.0
2023-06-10 16:24:41,090 Clean Area failed to obtain number and pass it to in in string: 500.0
2023-06-10 16:24:41,090 Clean Area failed to obtain number and pass it to in in string: 80.0
2023-06-10 16:24:41,090 Clean Area failed to obtain number and pass it to in in string: 25.0
2023-06-10 16:24:41,090 Clean Area failed to obtain number and pass it to in in string: 179.0
2023-06-10 16:24:41,090 Clean Area failed to obtain number and pass it to in in string: 170.0
2023-06-10 16:24:41,090 Clean Area failed to obtain number and pass it to in in string: 25.0
2023-06-10 16:24:41,090 Clean Area failed to obtain number and pass it to in in string: 366.0
2023-06-10 16:24:41,090 Clean Area failed to obtain number and pass it to in in string: 500.0
2023-06-10 16:24:41,090 Clean Area failed to obtain number and pass it to in in string: 500.0
2023-06-10 16:24:41,091 Clean Area failed to obtain number and pass it to in in string: 138.0
2023-06-10 16:24:41,091 Clean Area failed to obtain number and pass it to in in string: 145.0
2023-06-10 16:24:41,091 Clean Area failed to obtain number and pass it to in in string: 100.0
2023-06-10 16:24:41,091 Clean Area failed to obtain number and pass it to in in string: 134.0
2023-06-10 16:24:41,091 Clean Area failed to obtain number and pass it to in in string: 470.0
2023-06-10 16:24:41,091 Clean Area failed to obtain number and pass it to in in string: 500.0
2023-06-10 16:24:41,091 Clean Area failed to obtain number and pass it to in in string: 284.0
2023-06-10 16:24:41,091 Clean Area failed to obtain number and pass it to in in string: 500.0
2023-06-10 16:24:41,091 Clean Area failed to obtain number and pass it to in in string: 271.0
2023-06-10 16:24:41,091 Clean Area failed to obtain number and pass it to in in string: 77.0
2023-06-10 16:24:41,091 Clean Area failed to obtain number and pass it to in in string: 319.0
2023-06-10 16:24:41,091 Clean Area failed to obtain number and pass it to in in string: 400.0
2023-06-10 16:24:41,091 Clean Area failed to obtain number and pass it to in in string: 240.0
2023-06-10 16:24:41,091 Clean Area failed to obtain number and pass it to in in string: 500.0
2023-06-10 16:24:41,091 Clean Area failed to obtain number and pass it to in in string: 373.0
2023-06-10 16:24:41,091 Clean Area failed to obtain number and pass it to in in string: 78.0
2023-06-10 16:24:41,091 Clean Area failed to obtain number and pass it to in in string: 180.0
2023-06-10 16:24:41,091 Clean Area failed to obtain number and pass it to in in string: 65.0
2023-06-10 16:24:41,091 Clean Area failed to obtain number and pass it to in in string: 500.0
2023-06-10 16:24:41,091 Clean Area failed to obtain number and pass it to in in string: 125.0
2023-06-10 16:24:41,091 Clean Area failed to obtain number and pass it to in in string: 470.0
2023-06-10 16:24:41,091 Clean Area failed to obtain number and pass it to in in string: 70.0
2023-06-10 16:24:41,092 Clean Area failed to obtain number and pass it to in in string: 500.0
2023-06-10 16:24:41,092 Clean Area failed to obtain number and pass it to in in string: 315.0
2023-06-10 16:24:41,092 Clean Area failed to obtain number and pass it to in in string: 180.0
2023-06-10 16:24:41,092 Clean Area failed to obtain number and pass it to in in string: 500.0
2023-06-10 16:24:41,092 Clean Area failed to obtain number and pass it to in in string: 175.0
2023-06-10 16:24:41,092 Clean Area failed to obtain number and pass it to in in string: 500.0
2023-06-10 16:24:41,092 Clean Area failed to obtain number and pass it to in in string: 180.0
2023-06-10 16:24:41,092 Clean Area failed to obtain number and pass it to in in string: 123.0
2023-06-10 16:24:41,092 Clean Area failed to obtain number and pass it to in in string: 266.0
2023-06-10 16:24:41,092 Clean Area failed to obtain number and pass it to in in string: 500.0
2023-06-10 16:24:41,092 Clean Area failed to obtain number and pass it to in in string: 80.0
2023-06-10 16:24:41,092 Clean Area failed to obtain number and pass it to in in string: 500.0
2023-06-10 16:24:41,092 Clean Area failed to obtain number and pass it to in in string: 295.0
2023-06-10 16:24:41,092 Clean Area failed to obtain number and pass it to in in string: 210.0
2023-06-10 16:24:41,092 Clean Area failed to obtain number and pass it to in in string: 500.0
2023-06-10 16:24:41,092 Clean Area failed to obtain number and pass it to in in string: 432.0
2023-06-10 16:24:41,092 Clean Area failed to obtain number and pass it to in in string: 315.0
2023-06-10 16:24:41,092 Clean Area failed to obtain number and pass it to in in string: 500.0
2023-06-10 16:24:41,092 Clean Area failed to obtain number and pass it to in in string: 110.0
2023-06-10 16:24:41,092 Clean Area failed to obtain number and pass it to in in string: 200.0
2023-06-10 16:24:41,092 Clean Area failed to obtain number and pass it to in in string: 154.0
2023-06-10 16:24:41,092 Clean Area failed to obtain number and pass it to in in string: 182.0
2023-06-10 16:24:41,092 Clean Area failed to obtain number and pass it to in in string: 261.0
2023-06-10 16:24:41,092 Clean Area failed to obtain number and pass it to in in string: 362.0
2023-06-10 16:24:41,092 Clean Area failed to obtain number and pass it to in in string: 72.0
2023-06-10 16:24:41,092 Clean Area failed to obtain number and pass it to in in string: 500.0
2023-06-10 16:24:41,092 Clean Area failed to obtain number and pass it to in in string: 457.0
2023-06-10 16:24:41,092 Clean Area failed to obtain number and pass it to in in string: 305.0
2023-06-10 16:24:41,092 Clean Area failed to obtain number and pass it to in in string: 500.0
2023-06-10 16:24:41,092 Clean Area failed to obtain number and pass it to in in string: 200.0
2023-06-10 16:24:41,092 Clean Area failed to obtain number and pass it to in in string: 173.0
2023-06-10 16:24:41,092 Clean Area failed to obtain number and pass it to in in string: 170.0
2023-06-10 16:24:41,092 Clean Area failed to obtain number and pass it to in in string: 92.0
2023-06-10 16:24:41,093 Clean Area failed to obtain number and pass it to in in string: 120.0
2023-06-10 16:24:41,093 Clean Area failed to obtain number and pass it to in in string: 477.0
2023-06-10 16:24:41,093 Clean Area failed to obtain number and pass it to in in string: 470.0
2023-06-10 16:24:41,093 Clean Area failed to obtain number and pass it to in in string: 500.0
2023-06-10 16:24:41,093 Clean Area failed to obtain number and pass it to in in string: 86.0
2023-06-10 16:24:41,093 Clean Area failed to obtain number and pass it to in in string: 366.0
2023-06-10 16:24:41,093 Clean Area failed to obtain number and pass it to in in string: 220.0
2023-06-10 16:24:41,093 Clean Area failed to obtain number and pass it to in in string: 500.0
2023-06-10 16:24:41,093 Clean Area failed to obtain number and pass it to in in string: 92.0
2023-06-10 16:24:41,093 Clean Area failed to obtain number and pass it to in in string: 70.0
2023-06-10 16:24:41,093 Clean Area failed to obtain number and pass it to in in string: 500.0
2023-06-10 16:24:41,093 Clean Area failed to obtain number and pass it to in in string: 322.0
2023-06-10 16:24:41,093 Clean Area failed to obtain number and pass it to in in string: 500.0
2023-06-10 16:24:41,093 Clean Area failed to obtain number and pass it to in in string: 500.0
2023-06-10 16:24:41,093 Clean Area failed to obtain number and pass it to in in string: 300.0
2023-06-10 16:24:41,093 Clean Area failed to obtain number and pass it to in in string: 110.0
2023-06-10 16:24:41,093 Clean Area failed to obtain number and pass it to in in string: 193.0
2023-06-10 16:24:41,093 Clean Area failed to obtain number and pass it to in in string: 400.0
2023-06-10 16:24:41,093 Clean Area failed to obtain number and pass it to in in string: 500.0
2023-06-10 16:24:41,093 Clean Area failed to obtain number and pass it to in in string: 240.0
2023-06-10 16:24:41,094 Clean Area failed to obtain number and pass it to in in string: 74.0
2023-06-10 16:24:41,094 Clean Area failed to obtain number and pass it to in in string: 500.0
2023-06-10 16:24:41,094 Clean Area failed to obtain number and pass it to in in string: 180.0
2023-06-10 16:24:41,094 Clean Area failed to obtain number and pass it to in in string: 213.0
2023-06-10 16:24:41,094 Clean Area failed to obtain number and pass it to in in string: 500.0
2023-06-10 16:24:41,094 Clean Area failed to obtain number and pass it to in in string: 120.0
2023-06-10 16:24:41,095 Clean Area failed to obtain number and pass it to in in string: 456.0
2023-06-10 16:24:41,095 Clean Area failed to obtain number and pass it to in in string: 500.0
2023-06-10 16:24:41,095 Clean Area failed to obtain number and pass it to in in string: 500.0
2023-06-10 16:24:41,095 Clean Area failed to obtain number and pass it to in in string: 500.0
2023-06-10 16:24:41,095 Clean Area failed to obtain number and pass it to in in string: 500.0
2023-06-10 16:24:41,095 Clean Area failed to obtain number and pass it to in in string: 495.0
2023-06-10 16:24:41,095 Clean Area failed to obtain number and pass it to in in string: 110.0
2023-06-10 16:24:41,095 Clean Area failed to obtain number and pass it to in in string: 116.0
2023-06-10 16:24:41,095 Clean Area failed to obtain number and pass it to in in string: 25.0
2023-06-10 16:24:41,095 Clean Area failed to obtain number and pass it to in in string: 500.0
2023-06-10 16:24:41,095 Clean Area failed to obtain number and pass it to in in string: 500.0
2023-06-10 16:24:41,095 Clean Area failed to obtain number and pass it to in in string: 270.0
2023-06-10 16:24:41,095 Clean Area failed to obtain number and pass it to in in string: 211.0
2023-06-10 16:24:41,095 Clean Area failed to obtain number and pass it to in in string: 60.0
2023-06-10 16:24:41,095 Clean Area failed to obtain number and pass it to in in string: 169.0
2023-06-10 16:24:41,095 Clean Area failed to obtain number and pass it to in in string: 100.0
2023-06-10 16:24:41,095 Clean Area failed to obtain number and pass it to in in string: 500.0
2023-06-10 16:24:41,095 Clean Area failed to obtain number and pass it to in in string: 400.0
2023-06-10 16:24:41,095 Clean Area failed to obtain number and pass it to in in string: 140.0
2023-06-10 16:24:41,095 Clean Area failed to obtain number and pass it to in in string: 65.0
2023-06-10 16:24:41,095 Clean Area failed to obtain number and pass it to in in string: 500.0
2023-06-10 16:24:41,095 Clean Area failed to obtain number and pass it to in in string: 358.0
2023-06-10 16:24:41,096 Clean Area failed to obtain number and pass it to in in string: 165.0
2023-06-10 16:24:41,096 Clean Area failed to obtain number and pass it to in in string: 300.0
2023-06-10 16:24:41,096 Clean Area failed to obtain number and pass it to in in string: 362.0
2023-06-10 16:24:41,096 Clean Area failed to obtain number and pass it to in in string: 500.0
2023-06-10 16:24:41,096 Clean Area failed to obtain number and pass it to in in string: 425.0
2023-06-10 16:24:41,096 Clean Area failed to obtain number and pass it to in in string: 500.0
2023-06-10 16:24:41,096 Clean Area failed to obtain number and pass it to in in string: 435.0
2023-06-10 16:24:41,096 Clean Area failed to obtain number and pass it to in in string: 283.0
2023-06-10 16:24:41,096 Clean Area failed to obtain number and pass it to in in string: 79.0
2023-06-10 16:24:41,096 Clean Area failed to obtain number and pass it to in in string: 500.0
2023-06-10 16:24:41,096 Clean Area failed to obtain number and pass it to in in string: 90.0
2023-06-10 16:24:41,096 Clean Area failed to obtain number and pass it to in in string: 242.0
2023-06-10 16:24:41,096 Clean Area failed to obtain number and pass it to in in string: 500.0
2023-06-10 16:24:41,096 Clean Area failed to obtain number and pass it to in in string: 500.0
2023-06-10 16:24:41,096 Clean Area failed to obtain number and pass it to in in string: 100.0
2023-06-10 16:24:41,096 Clean Area failed to obtain number and pass it to in in string: 460.0
2023-06-10 16:24:41,096 Clean Area failed to obtain number and pass it to in in string: 500.0
2023-06-10 16:24:41,096 Clean Area failed to obtain number and pass it to in in string: 466.0
2023-06-10 16:24:41,096 Clean Area failed to obtain number and pass it to in in string: 111.0
2023-06-10 16:24:41,096 Clean Area failed to obtain number and pass it to in in string: 250.0
2023-06-10 16:24:41,096 Clean Area failed to obtain number and pass it to in in string: nan
2023-06-10 16:24:41,096 Clean Area failed to obtain number and pass it to in in string: 451.0
2023-06-10 16:24:41,096 Clean Area failed to obtain number and pass it to in in string: 500.0
2023-06-10 16:24:41,096 Clean Area failed to obtain number and pass it to in in string: 500.0
2023-06-10 16:24:41,096 Clean Area failed to obtain number and pass it to in in string: 283.0
2023-06-10 16:24:41,096 Clean Area failed to obtain number and pass it to in in string: 82.0
2023-06-10 16:24:41,096 Clean Area failed to obtain number and pass it to in in string: 460.0
2023-06-10 16:24:41,096 Clean Area failed to obtain number and pass it to in in string: 280.0
2023-06-10 16:24:41,096 Clean Area failed to obtain number and pass it to in in string: 500.0
2023-06-10 16:24:41,097 Clean Area failed to obtain number and pass it to in in string: 65.0
2023-06-10 16:24:41,097 Clean Area failed to obtain number and pass it to in in string: 280.0
2023-06-10 16:24:41,097 Clean Area failed to obtain number and pass it to in in string: 400.0
2023-06-10 16:24:41,097 Clean Area failed to obtain number and pass it to in in string: 120.0
2023-06-10 16:24:41,097 Clean Area failed to obtain number and pass it to in in string: 500.0
2023-06-10 16:24:41,097 Clean Area failed to obtain number and pass it to in in string: 160.0
2023-06-10 16:24:41,097 Clean Area failed to obtain number and pass it to in in string: 377.0
2023-06-10 16:24:41,097 Clean Area failed to obtain number and pass it to in in string: 113.0
2023-06-10 16:24:41,097 Clean Area failed to obtain number and pass it to in in string: 373.0
2023-06-10 16:24:41,097 Clean Area failed to obtain number and pass it to in in string: 25.0
2023-06-10 16:24:41,097 Clean Area failed to obtain number and pass it to in in string: 190.0
2023-06-10 16:24:41,097 Clean Area failed to obtain number and pass it to in in string: 283.0
2023-06-10 16:24:41,097 Clean Area failed to obtain number and pass it to in in string: 500.0
2023-06-10 16:24:41,097 Clean Area failed to obtain number and pass it to in in string: 500.0
2023-06-10 16:24:41,097 Clean Area failed to obtain number and pass it to in in string: 93.0
2023-06-10 16:24:41,097 Clean Area failed to obtain number and pass it to in in string: 369.0
2023-06-10 16:24:41,097 Clean Area failed to obtain number and pass it to in in string: 218.0
2023-06-10 16:24:41,097 Clean Area failed to obtain number and pass it to in in string: 220.0
2023-06-10 16:24:41,097 Clean Area failed to obtain number and pass it to in in string: 500.0
2023-06-10 16:24:41,097 Clean Area failed to obtain number and pass it to in in string: 150.0
2023-06-10 16:24:41,097 Clean Area failed to obtain number and pass it to in in string: 500.0
2023-06-10 16:24:41,097 Clean Area failed to obtain number and pass it to in in string: 268.0
2023-06-10 16:24:41,097 Clean Area failed to obtain number and pass it to in in string: 500.0
2023-06-10 16:24:41,097 Clean Area failed to obtain number and pass it to in in string: 25.0
2023-06-10 16:24:41,097 Clean Area failed to obtain number and pass it to in in string: 401.0
2023-06-10 16:24:41,097 Clean Area failed to obtain number and pass it to in in string: 500.0
2023-06-10 16:24:41,097 Clean Area failed to obtain number and pass it to in in string: 55.0
2023-06-10 16:24:41,097 Clean Area failed to obtain number and pass it to in in string: 500.0
2023-06-10 16:24:41,097 Clean Area failed to obtain number and pass it to in in string: 104.0
2023-06-10 16:24:41,097 Clean Area failed to obtain number and pass it to in in string: 500.0
2023-06-10 16:24:41,097 Clean Area failed to obtain number and pass it to in in string: 500.0
2023-06-10 16:24:41,097 Clean Area failed to obtain number and pass it to in in string: 25.0
2023-06-10 16:24:41,097 Clean Area failed to obtain number and pass it to in in string: 25.0
2023-06-10 16:24:41,098 Clean Area failed to obtain number and pass it to in in string: 170.0
2023-06-10 16:24:41,098 Clean Area failed to obtain number and pass it to in in string: 25.0
2023-06-10 16:24:41,098 Clean Area failed to obtain number and pass it to in in string: 204.0
2023-06-10 16:24:41,098 Clean Area failed to obtain number and pass it to in in string: 93.0
2023-06-10 16:24:41,098 Clean Area failed to obtain number and pass it to in in string: 159.0
2023-06-10 16:24:41,098 Clean Area failed to obtain number and pass it to in in string: 500.0
2023-06-10 16:24:41,098 Clean Area failed to obtain number and pass it to in in string: 500.0
2023-06-10 16:24:41,098 Clean Area failed to obtain number and pass it to in in string: 450.0
2023-06-10 16:24:41,098 Clean Area failed to obtain number and pass it to in in string: 500.0
2023-06-10 16:24:41,098 Clean Area failed to obtain number and pass it to in in string: 500.0
2023-06-10 16:24:41,098 Clean Area failed to obtain number and pass it to in in string: 500.0
2023-06-10 16:24:41,098 Clean Area failed to obtain number and pass it to in in string: 216.0
2023-06-10 16:24:41,098 Clean Area failed to obtain number and pass it to in in string: 500.0
2023-06-10 16:24:41,098 Clean Area failed to obtain number and pass it to in in string: 215.0
2023-06-10 16:24:41,098 Clean Area failed to obtain number and pass it to in in string: 384.0
2023-06-10 16:24:41,098 Clean Area failed to obtain number and pass it to in in string: 80.0
2023-06-10 16:24:41,098 Clean Area failed to obtain number and pass it to in in string: 423.0
2023-06-10 16:24:41,098 Clean Area failed to obtain number and pass it to in in string: 500.0
2023-06-10 16:24:41,098 Clean Area failed to obtain number and pass it to in in string: 480.0
2023-06-10 16:24:41,098 Clean Area failed to obtain number and pass it to in in string: 450.0
2023-06-10 16:24:41,098 Clean Area failed to obtain number and pass it to in in string: 500.0
2023-06-10 16:24:41,098 Clean Area failed to obtain number and pass it to in in string: 500.0
2023-06-10 16:24:41,098 Clean Area failed to obtain number and pass it to in in string: 500.0
2023-06-10 16:24:41,098 Clean Area failed to obtain number and pass it to in in string: 500.0
2023-06-10 16:24:41,098 Clean Area failed to obtain number and pass it to in in string: 500.0
2023-06-10 16:24:41,098 Clean Area failed to obtain number and pass it to in in string: 500.0
2023-06-10 16:24:41,098 Clean Area failed to obtain number and pass it to in in string: 360.0
2023-06-10 16:24:41,098 Clean Area failed to obtain number and pass it to in in string: 500.0
2023-06-10 16:24:41,098 Clean Area failed to obtain number and pass it to in in string: 500.0
2023-06-10 16:24:41,099 Clean Area failed to obtain number and pass it to in in string: 390.0
2023-06-10 16:24:41,099 Clean Area failed to obtain number and pass it to in in string: 400.0
2023-06-10 16:24:41,099 Clean Area failed to obtain number and pass it to in in string: 200.0
2023-06-10 16:24:41,099 Clean Area failed to obtain number and pass it to in in string: 100.0
2023-06-10 16:24:41,099 Clean Area failed to obtain number and pass it to in in string: 355.0
2023-06-10 16:24:41,099 Clean Area failed to obtain number and pass it to in in string: 65.0
2023-06-10 16:24:41,099 Clean Area failed to obtain number and pass it to in in string: 495.0
2023-06-10 16:24:41,099 Clean Area failed to obtain number and pass it to in in string: 500.0
2023-06-10 16:24:41,099 Clean Area failed to obtain number and pass it to in in string: 25.0
2023-06-10 16:24:41,099 Clean Area failed to obtain number and pass it to in in string: 500.0
2023-06-10 16:24:41,100 Clean Area failed to obtain number and pass it to in in string: 500.0
2023-06-10 16:24:41,100 Clean Area failed to obtain number and pass it to in in string: 433.0
2023-06-10 16:24:41,100 Clean Area failed to obtain number and pass it to in in string: 500.0
2023-06-10 16:24:41,100 Clean Area failed to obtain number and pass it to in in string: 160.0
2023-06-10 16:24:41,100 Clean Area failed to obtain number and pass it to in in string: 492.0
2023-06-10 16:24:41,100 Clean Area failed to obtain number and pass it to in in string: 500.0
2023-06-10 16:24:41,100 Clean Area failed to obtain number and pass it to in in string: 500.0
2023-06-10 16:24:41,100 Clean Area failed to obtain number and pass it to in in string: 300.0
2023-06-10 16:24:41,100 Clean Area failed to obtain number and pass it to in in string: 346.0
2023-06-10 16:24:41,100 Clean Area failed to obtain number and pass it to in in string: 69.0
2023-06-10 16:24:41,100 Clean Area failed to obtain number and pass it to in in string: 499.0
2023-06-10 16:24:41,100 Clean Area failed to obtain number and pass it to in in string: 200.0
2023-06-10 16:24:41,100 Clean Area failed to obtain number and pass it to in in string: 500.0
2023-06-10 16:24:41,100 Clean Area failed to obtain number and pass it to in in string: 364.0
2023-06-10 16:24:41,100 Clean Area failed to obtain number and pass it to in in string: 500.0
2023-06-10 16:24:41,100 Clean Area failed to obtain number and pass it to in in string: 130.0
2023-06-10 16:24:41,100 Clean Area failed to obtain number and pass it to in in string: 444.0
2023-06-10 16:24:41,100 Clean Area failed to obtain number and pass it to in in string: nan
2023-06-10 16:24:41,100 Clean Area failed to obtain number and pass it to in in string: 140.0
2023-06-10 16:24:41,100 Clean Area failed to obtain number and pass it to in in string: 500.0
2023-06-10 16:24:41,100 Clean Area failed to obtain number and pass it to in in string: 25.0
2023-06-10 16:24:41,100 Clean Area failed to obtain number and pass it to in in string: 340.0
2023-06-10 16:24:41,100 Clean Area failed to obtain number and pass it to in in string: 500.0
2023-06-10 16:24:41,100 Clean Area failed to obtain number and pass it to in in string: 500.0
2023-06-10 16:24:41,100 Clean Area failed to obtain number and pass it to in in string: 25.0
2023-06-10 16:24:41,100 Clean Area failed to obtain number and pass it to in in string: 25.0
2023-06-10 16:24:41,100 Clean Area failed to obtain number and pass it to in in string: 500.0
2023-06-10 16:24:41,100 Clean Area failed to obtain number and pass it to in in string: 500.0
2023-06-10 16:24:41,100 Clean Area failed to obtain number and pass it to in in string: 450.0
2023-06-10 16:24:41,100 Clean Area failed to obtain number and pass it to in in string: 500.0
2023-06-10 16:24:41,100 Clean Area failed to obtain number and pass it to in in string: 200.0
2023-06-10 16:24:41,101 Clean Area failed to obtain number and pass it to in in string: 500.0
2023-06-10 16:24:41,101 Clean Area failed to obtain number and pass it to in in string: 90.0
2023-06-10 16:24:41,101 Clean Area failed to obtain number and pass it to in in string: 25.0
2023-06-10 16:24:41,101 Clean Area failed to obtain number and pass it to in in string: 320.0
2023-06-10 16:24:41,101 Clean Area failed to obtain number and pass it to in in string: 500.0
2023-06-10 16:24:41,101 Clean Area failed to obtain number and pass it to in in string: 283.0
2023-06-10 16:24:41,101 Clean Area failed to obtain number and pass it to in in string: 500.0
2023-06-10 16:24:41,101 Clean Area failed to obtain number and pass it to in in string: 185.0
2023-06-10 16:24:41,101 Clean Area failed to obtain number and pass it to in in string: 450.0
2023-06-10 16:24:41,101 Clean Area failed to obtain number and pass it to in in string: 116.0
2023-06-10 16:24:41,101 Clean Area failed to obtain number and pass it to in in string: 370.0
2023-06-10 16:24:41,101 Clean Area failed to obtain number and pass it to in in string: nan
2023-06-10 16:24:41,101 Clean Area failed to obtain number and pass it to in in string: 250.0
2023-06-10 16:24:41,101 Clean Area failed to obtain number and pass it to in in string: 101.0
2023-06-10 16:24:41,101 Clean Area failed to obtain number and pass it to in in string: 167.0
2023-06-10 16:24:41,101 Clean Area failed to obtain number and pass it to in in string: 85.0
2023-06-10 16:24:41,101 Clean Area failed to obtain number and pass it to in in string: 166.0
2023-06-10 16:24:41,101 Clean Area failed to obtain number and pass it to in in string: 120.0
2023-06-10 16:24:41,101 Clean Area failed to obtain number and pass it to in in string: 500.0
2023-06-10 16:24:41,101 Clean Area failed to obtain number and pass it to in in string: 500.0
2023-06-10 16:24:41,101 Clean Area failed to obtain number and pass it to in in string: 500.0
2023-06-10 16:24:41,101 Clean Area failed to obtain number and pass it to in in string: 500.0
2023-06-10 16:24:41,101 Clean Area failed to obtain number and pass it to in in string: 500.0
2023-06-10 16:24:41,101 Clean Area failed to obtain number and pass it to in in string: 85.0
2023-06-10 16:24:41,102 Clean Area failed to obtain number and pass it to in in string: 500.0
2023-06-10 16:24:41,102 Clean Area failed to obtain number and pass it to in in string: 500.0
2023-06-10 16:24:41,102 Clean Area failed to obtain number and pass it to in in string: 500.0
2023-06-10 16:24:41,102 Clean Area failed to obtain number and pass it to in in string: 25.0
2023-06-10 16:24:41,102 Clean Area failed to obtain number and pass it to in in string: 500.0
2023-06-10 16:24:41,102 Clean Area failed to obtain number and pass it to in in string: 500.0
2023-06-10 16:24:41,102 Clean Area failed to obtain number and pass it to in in string: 174.0
2023-06-10 16:24:41,102 Clean Area failed to obtain number and pass it to in in string: 500.0
2023-06-10 16:24:41,102 Clean Area failed to obtain number and pass it to in in string: 99.0
2023-06-10 16:24:41,102 Clean Area failed to obtain number and pass it to in in string: 400.0
2023-06-10 16:24:41,102 Clean Area failed to obtain number and pass it to in in string: 47.0
2023-06-10 16:24:41,102 Clean Area failed to obtain number and pass it to in in string: 500.0
2023-06-10 16:24:41,102 Clean Area failed to obtain number and pass it to in in string: 500.0
2023-06-10 16:24:41,102 Clean Area failed to obtain number and pass it to in in string: 447.0
2023-06-10 16:24:41,102 Clean Area failed to obtain number and pass it to in in string: 500.0
2023-06-10 16:24:41,102 Clean Area failed to obtain number and pass it to in in string: 500.0
2023-06-10 16:24:41,102 Clean Area failed to obtain number and pass it to in in string: 25.0
2023-06-10 16:24:41,102 Clean Area failed to obtain number and pass it to in in string: 80.0
2023-06-10 16:24:41,102 Clean Area failed to obtain number and pass it to in in string: 384.0
2023-06-10 16:24:41,102 Clean Area failed to obtain number and pass it to in in string: 500.0
2023-06-10 16:24:41,102 Clean Area failed to obtain number and pass it to in in string: 450.0
2023-06-10 16:24:41,102 Clean Area failed to obtain number and pass it to in in string: 500.0
2023-06-10 16:24:41,102 Clean Area failed to obtain number and pass it to in in string: 500.0
2023-06-10 16:24:41,103 Clean Area failed to obtain number and pass it to in in string: 500.0
2023-06-10 16:24:41,103 Clean Area failed to obtain number and pass it to in in string: 500.0
2023-06-10 16:24:41,103 Clean Area failed to obtain number and pass it to in in string: 500.0
2023-06-10 16:24:41,103 Clean Area failed to obtain number and pass it to in in string: 393.0
2023-06-10 16:24:41,104 Clean Area failed to obtain number and pass it to in in string: 443.0
2023-06-10 16:24:41,104 Clean Area failed to obtain number and pass it to in in string: 130.0
2023-06-10 16:24:41,104 Clean Area failed to obtain number and pass it to in in string: 500.0
2023-06-10 16:24:41,104 Clean Area failed to obtain number and pass it to in in string: 400.0
2023-06-10 16:24:41,104 Clean Area failed to obtain number and pass it to in in string: 500.0
2023-06-10 16:24:41,104 Clean Area failed to obtain number and pass it to in in string: 500.0
2023-06-10 16:24:41,104 Clean Area failed to obtain number and pass it to in in string: 171.0
2023-06-10 16:24:41,104 Clean Area failed to obtain number and pass it to in in string: 104.0
2023-06-10 16:24:41,104 Clean Area failed to obtain number and pass it to in in string: 500.0
2023-06-10 16:24:41,104 Clean Area failed to obtain number and pass it to in in string: 412.0
2023-06-10 16:24:41,104 Clean Area failed to obtain number and pass it to in in string: 500.0
2023-06-10 16:24:41,104 Clean Area failed to obtain number and pass it to in in string: 485.0
2023-06-10 16:24:41,104 Clean Area failed to obtain number and pass it to in in string: 166.0
2023-06-10 16:24:41,104 Clean Area failed to obtain number and pass it to in in string: 500.0
2023-06-10 16:24:41,105 Clean Area failed to obtain number and pass it to in in string: 271.0
2023-06-10 16:24:41,105 Clean Area failed to obtain number and pass it to in in string: 250.0
2023-06-10 16:24:41,106 Clean Area failed to obtain number and pass it to in in string: 333.0
2023-06-10 16:24:41,106 Clean Area failed to obtain number and pass it to in in string: 500.0
2023-06-10 16:24:41,106 Clean Area failed to obtain number and pass it to in in string: 500.0
2023-06-10 16:24:41,106 Clean Area failed to obtain number and pass it to in in string: 25.0
2023-06-10 16:24:41,106 Clean Area failed to obtain number and pass it to in in string: 357.0
2023-06-10 16:24:41,106 Clean Area failed to obtain number and pass it to in in string: 120.0
2023-06-10 16:24:41,106 Clean Area failed to obtain number and pass it to in in string: 337.0
2023-06-10 16:24:41,106 Clean Area failed to obtain number and pass it to in in string: nan
2023-06-10 16:24:41,106 Clean Area failed to obtain number and pass it to in in string: 336.0
2023-06-10 16:24:41,106 Clean Area failed to obtain number and pass it to in in string: 25.0
2023-06-10 16:24:41,106 Clean Area failed to obtain number and pass it to in in string: 200.0
2023-06-10 16:24:41,106 Clean Area failed to obtain number and pass it to in in string: 360.0
2023-06-10 16:24:41,106 Clean Area failed to obtain number and pass it to in in string: 120.0
2023-06-10 16:24:41,106 Clean Area failed to obtain number and pass it to in in string: 198.0
2023-06-10 16:24:41,106 Clean Area failed to obtain number and pass it to in in string: 298.0
2023-06-10 16:24:41,106 Clean Area failed to obtain number and pass it to in in string: 220.0
2023-06-10 16:24:41,106 Clean Area failed to obtain number and pass it to in in string: 389.0
2023-06-10 16:24:41,107 Clean Area failed to obtain number and pass it to in in string: 489.0
2023-06-10 16:24:41,107 Clean Area failed to obtain number and pass it to in in string: 500.0
2023-06-10 16:24:41,107 Clean Area failed to obtain number and pass it to in in string: 53.0
2023-06-10 16:24:41,108 Clean Area failed to obtain number and pass it to in in string: 180.0
2023-06-10 16:24:41,108 Clean Area failed to obtain number and pass it to in in string: 500.0
2023-06-10 16:24:41,108 Clean Area failed to obtain number and pass it to in in string: 307.0
2023-06-10 16:24:41,108 Clean Area failed to obtain number and pass it to in in string: 500.0
2023-06-10 16:24:41,108 Clean Area failed to obtain number and pass it to in in string: 190.0
2023-06-10 16:24:41,108 Clean Area failed to obtain number and pass it to in in string: 75.0
2023-06-10 16:24:41,109 Clean Area failed to obtain number and pass it to in in string: 277.0
2023-06-10 16:24:41,109 Clean Area failed to obtain number and pass it to in in string: 320.0
2023-06-10 16:24:41,109 Clean Area failed to obtain number and pass it to in in string: 240.0
2023-06-10 16:24:41,109 Clean Area failed to obtain number and pass it to in in string: 430.0
2023-06-10 16:24:41,109 Clean Area failed to obtain number and pass it to in in string: 300.0
2023-06-10 16:24:41,109 Clean Area failed to obtain number and pass it to in in string: 484.0
2023-06-10 16:24:41,109 Clean Area failed to obtain number and pass it to in in string: 130.0
2023-06-10 16:24:41,109 Clean Area failed to obtain number and pass it to in in string: 130.0
2023-06-10 16:24:41,109 Clean Area failed to obtain number and pass it to in in string: 250.0
2023-06-10 16:24:41,109 Clean Area failed to obtain number and pass it to in in string: 500.0
2023-06-10 16:24:41,109 Clean Area failed to obtain number and pass it to in in string: 25.0
2023-06-10 16:24:41,110 Clean Area failed to obtain number and pass it to in in string: 283.0
2023-06-10 16:24:41,110 Clean Area failed to obtain number and pass it to in in string: 25.0
2023-06-10 16:24:41,110 Clean Area failed to obtain number and pass it to in in string: 500.0
2023-06-10 16:24:41,110 Clean Area failed to obtain number and pass it to in in string: 500.0
2023-06-10 16:24:41,110 Clean Area failed to obtain number and pass it to in in string: 500.0
2023-06-10 16:24:41,110 Clean Area failed to obtain number and pass it to in in string: 500.0
2023-06-10 16:24:41,110 Clean Area failed to obtain number and pass it to in in string: 500.0
2023-06-10 16:24:41,110 Clean Area failed to obtain number and pass it to in in string: 500.0
2023-06-10 16:24:41,110 Clean Area failed to obtain number and pass it to in in string: 190.0
2023-06-10 16:24:41,110 Clean Area failed to obtain number and pass it to in in string: 500.0
2023-06-10 16:24:41,110 Clean Area failed to obtain number and pass it to in in string: 500.0
2023-06-10 16:24:41,110 Clean Area failed to obtain number and pass it to in in string: 25.0
2023-06-10 16:24:41,110 Clean Area failed to obtain number and pass it to in in string: 500.0
2023-06-10 16:24:41,110 Clean Area failed to obtain number and pass it to in in string: 129.0
2023-06-10 16:24:41,110 Clean Area failed to obtain number and pass it to in in string: 25.0
2023-06-10 16:24:41,110 Clean Area failed to obtain number and pass it to in in string: 500.0
2023-06-10 16:24:41,110 Clean Area failed to obtain number and pass it to in in string: 25.0
2023-06-10 16:24:41,110 Clean Area failed to obtain number and pass it to in in string: 25.0
2023-06-10 16:24:41,110 Clean Area failed to obtain number and pass it to in in string: 393.0
2023-06-10 16:24:41,110 Clean Area failed to obtain number and pass it to in in string: 55.0
2023-06-10 16:24:41,110 Clean Area failed to obtain number and pass it to in in string: 309.0
2023-06-10 16:24:41,110 Clean Area failed to obtain number and pass it to in in string: 185.0
2023-06-10 16:24:41,110 Clean Area failed to obtain number and pass it to in in string: 340.0
2023-06-10 16:24:41,110 Clean Area failed to obtain number and pass it to in in string: 500.0
2023-06-10 16:24:41,110 Clean Area failed to obtain number and pass it to in in string: nan
2023-06-10 16:24:41,110 Clean Area failed to obtain number and pass it to in in string: 500.0
2023-06-10 16:24:41,110 Clean Area failed to obtain number and pass it to in in string: 82.0
2023-06-10 16:24:41,110 Clean Area failed to obtain number and pass it to in in string: 500.0
2023-06-10 16:24:41,111 Clean Area failed to obtain number and pass it to in in string: 25.0
2023-06-10 16:24:41,111 Clean Area failed to obtain number and pass it to in in string: 500.0
2023-06-10 16:24:41,112 Clean Area failed to obtain number and pass it to in in string: 72.0
2023-06-10 16:24:41,112 Clean Area failed to obtain number and pass it to in in string: 270.0
2023-06-10 16:24:41,112 Clean Area failed to obtain number and pass it to in in string: 423.0
2023-06-10 16:24:41,112 Clean Area failed to obtain number and pass it to in in string: 500.0
2023-06-10 16:24:41,112 Clean Area failed to obtain number and pass it to in in string: 312.0
2023-06-10 16:24:41,112 Clean Area failed to obtain number and pass it to in in string: 500.0
2023-06-10 16:24:41,112 Clean Area failed to obtain number and pass it to in in string: 500.0
2023-06-10 16:24:41,112 Clean Area failed to obtain number and pass it to in in string: 56.0
2023-06-10 16:24:41,112 Clean Area failed to obtain number and pass it to in in string: 500.0
2023-06-10 16:24:41,112 Clean Area failed to obtain number and pass it to in in string: 500.0
2023-06-10 16:24:41,112 Clean Area failed to obtain number and pass it to in in string: 111.0
2023-06-10 16:24:41,112 Clean Area failed to obtain number and pass it to in in string: 231.0
2023-06-10 16:24:41,112 Clean Area failed to obtain number and pass it to in in string: 270.0
2023-06-10 16:24:41,112 Clean Area failed to obtain number and pass it to in in string: 500.0
2023-06-10 16:24:41,112 Clean Area failed to obtain number and pass it to in in string: 500.0
2023-06-10 16:24:41,112 Clean Area failed to obtain number and pass it to in in string: 500.0
2023-06-10 16:25:47,214 Clean Area failed to obtain number and pass it to in in string: nan
2023-06-10 16:25:47,215 Clean Area failed to obtain number and pass it to in in string: nan
2023-06-10 16:25:47,215 Clean Area failed to obtain number and pass it to in in string: nan
2023-06-10 16:25:47,216 Clean Area failed to obtain number and pass it to in in string: nan
2023-06-10 16:25:47,216 Clean Area failed to obtain number and pass it to in in string: nan
2023-06-10 16:25:51,145 Clean Area failed to obtain number and pass it to in in string: nan
2023-06-10 16:25:51,146 Clean Area failed to obtain number and pass it to in in string: nan
2023-06-10 16:25:51,146 Clean Area failed to obtain number and pass it to in in string: nan
2023-06-10 16:25:51,147 Clean Area failed to obtain number and pass it to in in string: nan
2023-06-10 16:25:51,149 Clean Area failed to obtain number and pass it to in in string: nan
2023-06-10 16:26:04,367 Clean Area failed to obtain number and pass it to in in string: nan
2023-06-10 16:26:04,367 Clean Area failed to obtain number and pass it to in in string: nan
2023-06-10 16:26:04,367 Clean Area failed to obtain number and pass it to in in string: nan
2023-06-10 16:26:04,367 Clean Area failed to obtain number and pass it to in in string: nan
2023-06-10 16:26:04,367 Clean Area failed to obtain number and pass it to in in string: nan
2023-06-10 16:30:56,946 Clean Area failed to obtain number and pass it to in in string: nan
2023-06-10 16:30:56,947 Clean Area failed to obtain number and pass it to in in string: nan
2023-06-10 16:30:56,947 Clean Area failed to obtain number and pass it to in in string: nan
2023-06-10 16:30:56,947 Clean Area failed to obtain number and pass it to in in string: nan
2023-06-10 16:30:56,947 Clean Area failed to obtain number and pass it to in in string: nan
2023-06-10 16:31:02,022 Clean Area failed to obtain number and pass it to in in string: nan
2023-06-10 16:31:02,022 Clean Area failed to obtain number and pass it to in in string: nan
2023-06-10 16:31:02,022 Clean Area failed to obtain number and pass it to in in string: nan
2023-06-10 16:31:02,022 Clean Area failed to obtain number and pass it to in in string: nan
2023-06-10 16:31:02,022 Clean Area failed to obtain number and pass it to in in string: nan
2023-06-10 16:35:19,829 Clean Area failed to obtain number and pass it to in in string: nan
2023-06-10 16:35:19,830 Clean Area failed to obtain number and pass it to in in string: nan
2023-06-10 16:35:19,830 Clean Area failed to obtain number and pass it to in in string: nan
2023-06-10 16:35:19,830 Clean Area failed to obtain number and pass it to in in string: nan
2023-06-10 16:35:19,830 Clean Area failed to obtain number and pass it to in in string: nan
2023-06-10 16:35:42,027 Clean Area failed to obtain number and pass it to in in string: nan
2023-06-10 16:35:42,028 Clean Area failed to obtain number and pass it to in in string: nan
2023-06-10 16:35:42,028 Clean Area failed to obtain number and pass it to in in string: nan
2023-06-10 16:35:42,028 Clean Area failed to obtain number and pass it to in in string: nan
2023-06-10 16:35:42,029 Clean Area failed to obtain number and pass it to in in string: nan
2023-06-10 16:47:37,797 No deploc file, create new file
2023-06-10 16:48:27,592 No deploc file, create new file
2023-06-10 16:48:58,466 No deploc file, create new file
2023-06-10 16:49:12,547 No deploc file, create new file
2023-06-10 16:49:19,561 No deploc file, create new file
2023-06-10 16:50:01,402 No deploc file, create new file
